\BOOKMARK [1][-]{section.1}{\376\377\000T\000e\000x\000t\000\137\000T\000o\000\137\000S\000p\000e\000e\000c\000h\121\375\145\160}{}% 1
\BOOKMARK [2][-]{subsection.1.1}{\376\377\121\375\145\160\151\202\217\360}{section.1}% 2
\BOOKMARK [2][-]{subsection.1.2}{\376\377\123\302\145\160\213\364\146\016}{section.1}% 3
\BOOKMARK [2][-]{subsection.1.3}{\376\377\122\237\200\375\143\317\217\360}{section.1}% 4
\BOOKMARK [2][-]{subsection.1.4}{\376\377\154\350\141\017\116\213\230\171}{section.1}% 5
\BOOKMARK [2][-]{subsection.1.5}{\376\377\142\147\210\114\217\307\172\013\166\204\154\241\164\006\211\343\166\204\127\060\145\271}{section.1}% 6
\BOOKMARK [1][-]{section.2}{\376\377\000l\000i\000s\000t\000e\000n\000u\000s\000e\000r}{}% 7
\BOOKMARK [2][-]{subsection.2.1}{\376\377\121\375\145\160\143\317\217\360}{section.2}% 8
\BOOKMARK [2][-]{subsection.2.2}{\376\377\123\302\145\160\213\364\146\016}{section.2}% 9
\BOOKMARK [2][-]{subsection.2.3}{\376\377\116\015\170\156\133\232\166\204\127\060\145\271}{section.2}% 10
\BOOKMARK [1][-]{section.3}{\376\377\000P\000a\000r\000d\000o\000n}{}% 11
\BOOKMARK [2][-]{subsection.3.1}{\376\377\123\302\145\160\213\364\146\016}{section.3}% 12
\BOOKMARK [2][-]{subsection.3.2}{\376\377\122\237\200\375\143\317\217\360}{section.3}% 13
\BOOKMARK [2][-]{subsection.3.3}{\376\377\154\350\141\017\116\213\230\171}{section.3}% 14
\BOOKMARK [2][-]{subsection.3.4}{\376\377\116\015\164\006\211\343\166\204\127\060\145\271}{section.3}% 15
\BOOKMARK [1][-]{section.4}{\376\377\000Q\000A\000C\000l\000a\000s\000s}{}% 16
\BOOKMARK [2][-]{subsection.4.1}{\376\377\147\204\220\040\121\375\145\160}{section.4}% 17
\BOOKMARK [2][-]{subsection.4.2}{\376\377\000Q\000A\000C\000l\000a\000s\000s\000I\000n\000i\000t}{section.4}% 18
\BOOKMARK [2][-]{subsection.4.3}{\376\377\000a\000n\000s\000w\000e\000r\000\137\000q\000u\000e\000s\000t\000i\000o\000n}{section.4}% 19
\BOOKMARK [2][-]{subsection.4.4}{\376\377\142\021\116\015\164\006\211\343\166\204\127\060\145\271}{section.4}% 20
\BOOKMARK [1][-]{section.5}{\376\377\000I\000n\000t\000e\000r\000r\000u\000p\000t\000i\000o\000n\000\040\000C\000l\000a\000s\000s}{}% 21
\BOOKMARK [2][-]{subsection.5.1}{\376\377\000c\000o\000n\000t\000i\000n\000u\000e\000\137\000r\000o\000t\000a\000t\000e}{section.5}% 22
\BOOKMARK [2][-]{subsection.5.2}{\376\377\000d\000o\000\137\000a\000c\000t\000i\000o\000n\000\137\000r\000e\000l\000y\000\137\000i\000n\000s\000t\000r\000u\000c\000t\000i\000o\000n}{section.5}% 23
\BOOKMARK [2][-]{subsection.5.3}{\376\377\000h\000a\000n\000d\000l\000e\000\137\000i\000n\000t\000e\000r\000r\000u\000p\000t}{section.5}% 24
\BOOKMARK [1][-]{section.6}{\376\377\000N\000a\000v\000i\000g\000a\000t\000i\000o\000n\000C\000l\000a\000s\000s}{}% 25
\BOOKMARK [2][-]{subsection.6.1}{\376\377\000s\000e\000n\000d\000\137\000d\000e\000s\000t\000i\000n\000a\000t\000i\000o\000n\000\137\000a\000n\000d\000\137\000h\000a\000n\000d\000l\000e\000\137\000i\000n\000t\000e\000r\000r\000u\000p\000t}{section.6}% 26
\BOOKMARK [2][-]{subsection.6.2}{\376\377\142\147\210\114\155\101\172\013}{section.6}% 27
\BOOKMARK [2][-]{subsection.6.3}{\376\377\116\015\164\006\211\343\166\204\127\060\145\271}{section.6}% 28
\BOOKMARK [1][-]{section.7}{\376\377\000M\000a\000i\000n\000C\000l\000a\000s\000s}{}% 29
\BOOKMARK [2][-]{subsection.7.1}{\376\377\116\015\164\006\211\343\166\204\127\060\145\271\000:}{section.7}% 30
